<?xml version="1.0" encoding="UTF-8"?>
<!-- Generated by org.testng.reporters.JUnitReportReporter -->
<testsuite hostname="DESKTOP-4VV88DL" failures="0" tests="2" name="TestNG.VerifyPayments" time="22.104" errors="0" timestamp="2022-10-24T15:37:36 IST" skipped="0">
  <testcase classname="TestNG.VerifyPayments" name="verifyMobileRechargePayment" time="16.402"/>
  <system-out/>
  <testcase classname="TestNG.VerifyPayments" name="verifyElectricityBillPayment" time="5.702"/>
  <system-out/>
</testsuite> <!-- TestNG.VerifyPayments -->
