<?xml version="1.0" encoding="UTF-8"?>
<!-- Generated by org.testng.reporters.JUnitReportReporter -->
<testsuite hostname="DESKTOP-4VV88DL" failures="0" tests="2" name="TestNG.VerifyPaymentFunctionality" time="19.733" errors="0" timestamp="2022-10-16T15:18:32 IST" skipped="0">
  <testcase classname="TestNG.VerifyPaymentFunctionality" name="verifyMobileRechargePayment" time="14.889"/>
  <system-out/>
  <testcase classname="TestNG.VerifyPaymentFunctionality" name="verifyElectricityBillPayment" time="4.844"/>
  <system-out/>
</testsuite> <!-- TestNG.VerifyPaymentFunctionality -->
