<?xml version="1.0" encoding="UTF-8"?>
<!-- Generated by org.testng.reporters.JUnitReportReporter -->
<testsuite hostname="DESKTOP-4VV88DL" failures="0" tests="1" name="TestNG.VerifyOnlinePayments" time="20.349" errors="0" timestamp="2022-11-07T18:15:59 IST" skipped="0">
  <testcase classname="TestNG.VerifyOnlinePayments" name="verifyElectricityBillPayment" time="20.349"/>
  <system-out/>
</testsuite> <!-- TestNG.VerifyOnlinePayments -->
