<?xml version="1.0" encoding="UTF-8"?>
<!-- Generated by org.testng.reporters.JUnitReportReporter -->
<testsuite hostname="DESKTOP-4VV88DL" failures="0" tests="1" name="TestNG.VerifyRechargeFunctionality" time="15.389" errors="0" timestamp="2022-10-15T20:20:26 IST" skipped="0">
  <testcase classname="TestNG.VerifyRechargeFunctionality" name="verifyRs419planbutton" time="15.389"/>
  <system-out/>
</testsuite> <!-- TestNG.VerifyRechargeFunctionality -->
